<?xml version="1.0" encoding="UTF-8"?>
<testng-results skipped="0" failed="0" ignored="0" total="3" passed="3">
  <reporter-output>
  </reporter-output>
  <suite name="N11 Test Suite" duration-ms="16304" started-at="2018-12-10T20:51:07Z" finished-at="2018-12-10T20:51:24Z">
    <groups>
    </groups>
    <test name="CaseTest" duration-ms="16304" started-at="2018-12-10T20:51:07Z" finished-at="2018-12-10T20:51:24Z">
      <class name="tests.CaseTests">
        <test-method status="PASS" signature="setup()[pri:0, instance:tests.CaseTests@39aeed2f]" name="setup" is-config="true" duration-ms="596" started-at="2018-12-10T20:51:07Z" finished-at="2018-12-10T20:51:08Z">
          <reporter-output>
          </reporter-output>
        </test-method> <!-- setup -->
        <test-method status="PASS" signature="test(java.lang.String, java.lang.String, java.lang.String, java.lang.String, java.lang.String, java.lang.String, java.lang.String, int)[pri:0, instance:tests.CaseTests@39aeed2f]" name="test" duration-ms="9864" started-at="2018-12-10T20:51:08Z" data-provider="FrameworkSQAIC" finished-at="2018-12-10T20:51:18Z">
          <params>
            <param index="0">
              <value>
                <![CDATA[Ingresar URL]]>
              </value>
            </param>
            <param index="1">
              <value>
                <![CDATA[Chrome]]>
              </value>
            </param>
            <param index="2">
              <value>
                <![CDATA[]]>
              </value>
            </param>
            <param index="3">
              <value>
                <![CDATA[]]>
              </value>
            </param>
            <param index="4">
              <value>
                <![CDATA[https://blackrockdigital.github.io/startbootstrap-sb-admin/login.html]]>
              </value>
            </param>
            <param index="5">
              <value>
                <![CDATA[]]>
              </value>
            </param>
            <param index="6">
              <value>
                <![CDATA[]]>
              </value>
            </param>
            <param index="7">
              <value>
                <![CDATA[0]]>
              </value>
            </param>
          </params>
          <reporter-output>
          </reporter-output>
        </test-method> <!-- test -->
        <test-method status="PASS" signature="test(java.lang.String, java.lang.String, java.lang.String, java.lang.String, java.lang.String, java.lang.String, java.lang.String, int)[pri:0, instance:tests.CaseTests@39aeed2f]" name="test" duration-ms="5066" started-at="2018-12-10T20:51:18Z" data-provider="FrameworkSQAIC" finished-at="2018-12-10T20:51:23Z">
          <params>
            <param index="0">
              <value>
                <![CDATA[Esperar (Millisegundos)]]>
              </value>
            </param>
            <param index="1">
              <value>
                <![CDATA[]]>
              </value>
            </param>
            <param index="2">
              <value>
                <![CDATA[]]>
              </value>
            </param>
            <param index="3">
              <value>
                <![CDATA[]]>
              </value>
            </param>
            <param index="4">
              <value>
                <![CDATA[5000]]>
              </value>
            </param>
            <param index="5">
              <value>
                <![CDATA[]]>
              </value>
            </param>
            <param index="6">
              <value>
                <![CDATA[]]>
              </value>
            </param>
            <param index="7">
              <value>
                <![CDATA[0]]>
              </value>
            </param>
          </params>
          <reporter-output>
          </reporter-output>
        </test-method> <!-- test -->
        <test-method status="PASS" signature="test(java.lang.String, java.lang.String, java.lang.String, java.lang.String, java.lang.String, java.lang.String, java.lang.String, int)[pri:0, instance:tests.CaseTests@39aeed2f]" name="test" duration-ms="97" started-at="2018-12-10T20:51:23Z" data-provider="FrameworkSQAIC" finished-at="2018-12-10T20:51:23Z">
          <params>
            <param index="0">
              <value>
                <![CDATA[Click]]>
              </value>
            </param>
            <param index="1">
              <value>
                <![CDATA[]]>
              </value>
            </param>
            <param index="2">
              <value>
                <![CDATA[XPath]]>
              </value>
            </param>
            <param index="3">
              <value>
                <![CDATA[45645boasdasdasd]]>
              </value>
            </param>
            <param index="4">
              <value>
                <![CDATA[]]>
              </value>
            </param>
            <param index="5">
              <value>
                <![CDATA[]]>
              </value>
            </param>
            <param index="6">
              <value>
                <![CDATA[]]>
              </value>
            </param>
            <param index="7">
              <value>
                <![CDATA[0]]>
              </value>
            </param>
          </params>
          <reporter-output>
          </reporter-output>
        </test-method> <!-- test -->
        <test-method status="PASS" signature="teardown()[pri:0, instance:tests.CaseTests@39aeed2f]" name="teardown" is-config="true" duration-ms="655" started-at="2018-12-10T20:51:23Z" finished-at="2018-12-10T20:51:24Z">
          <reporter-output>
          </reporter-output>
        </test-method> <!-- teardown -->
      </class> <!-- tests.CaseTests -->
    </test> <!-- CaseTest -->
  </suite> <!-- N11 Test Suite -->
</testng-results>
